<?xml version="1.0" encoding="UTF-8"?>
<!DOCTYPE coverage SYSTEM "http://cobertura.sourceforge.net/xml/coverage-04.dtd">
<coverage line-rate="0.86042944785276" branch-rate="0" lines-covered="561" lines-valid="652" branches-covered="0" branches-valid="0" complexity="263" version="0.4" timestamp="1715209174">
  <sources>
    <source>/app/src</source>
  </sources>
  <packages>
    <package name="Building/BuildComposer.php" line-rate="0.96135265700483" branch-rate="0" complexity="52">
      <classes>
        <class name="Playground\Make\Package\Building\BuildComposer" filename="Building/BuildComposer.php" line-rate="0.96135265700483" branch-rate="0" complexity="52">
          <methods>
            <method name="make_composer_autoload" signature="" line-rate="0.97674418604651" branch-rate="0" complexity="13">
              <lines>
                <line number="30" hits="63"/>
                <line number="32" hits="63"/>
                <line number="34" hits="63"/>
                <line number="35" hits="63"/>
                <line number="37" hits="63"/>
                <line number="40" hits="63"/>
                <line number="42" hits="63"/>
                <line number="44" hits="63"/>
                <line number="46" hits="63"/>
                <line number="47" hits="63"/>
                <line number="48" hits="63"/>
                <line number="51" hits="63"/>
                <line number="53" hits="63"/>
                <line number="55" hits="63"/>
                <line number="56" hits="0"/>
                <line number="60" hits="63"/>
                <line number="61" hits="63"/>
                <line number="63" hits="63"/>
                <line number="64" hits="63"/>
                <line number="65" hits="63"/>
                <line number="66" hits="63"/>
                <line number="67" hits="63"/>
                <line number="68" hits="63"/>
                <line number="69" hits="63"/>
                <line number="70" hits="63"/>
                <line number="71" hits="63"/>
                <line number="72" hits="63"/>
                <line number="76" hits="63"/>
                <line number="77" hits="63"/>
                <line number="78" hits="63"/>
                <line number="79" hits="63"/>
                <line number="80" hits="63"/>
                <line number="81" hits="63"/>
                <line number="82" hits="63"/>
                <line number="85" hits="63"/>
                <line number="86" hits="63"/>
                <line number="87" hits="63"/>
                <line number="88" hits="63"/>
                <line number="89" hits="63"/>
                <line number="90" hits="63"/>
                <line number="91" hits="63"/>
                <line number="92" hits="63"/>
                <line number="95" hits="63"/>
              </lines>
            </method>
            <method name="make_composer_require" signature="" line-rate="1" branch-rate="0" complexity="7">
              <lines>
                <line number="100" hits="63"/>
                <line number="102" hits="63"/>
                <line number="104" hits="63"/>
                <line number="106" hits="63"/>
                <line number="107" hits="29"/>
                <line number="108" hits="29"/>
                <line number="109" hits="29"/>
                <line number="112" hits="63"/>
                <line number="113" hits="63"/>
                <line number="115" hits="2"/>
                <line number="118" hits="63"/>
                <line number="119" hits="63"/>
                <line number="120" hits="63"/>
                <line number="121" hits="63"/>
                <line number="122" hits="63"/>
                <line number="123" hits="63"/>
                <line number="124" hits="63"/>
                <line number="125" hits="63"/>
                <line number="126" hits="63"/>
                <line number="127" hits="63"/>
                <line number="130" hits="63"/>
                <line number="132" hits="63"/>
                <line number="133" hits="63"/>
                <line number="134" hits="63"/>
                <line number="135" hits="63"/>
                <line number="136" hits="63"/>
                <line number="137" hits="63"/>
                <line number="138" hits="63"/>
                <line number="141" hits="63"/>
              </lines>
            </method>
            <method name="make_composer_require_dev" signature="" line-rate="1" branch-rate="0" complexity="7">
              <lines>
                <line number="146" hits="63"/>
                <line number="148" hits="63"/>
                <line number="149" hits="63"/>
                <line number="152" hits="63"/>
                <line number="154" hits="63"/>
                <line number="156" hits="63"/>
                <line number="158" hits="63"/>
                <line number="159" hits="63"/>
                <line number="161" hits="2"/>
                <line number="164" hits="63"/>
                <line number="165" hits="63"/>
                <line number="166" hits="34"/>
                <line number="167" hits="34"/>
                <line number="168" hits="34"/>
                <line number="169" hits="34"/>
                <line number="170" hits="34"/>
                <line number="171" hits="34"/>
                <line number="172" hits="34"/>
                <line number="173" hits="34"/>
                <line number="176" hits="63"/>
                <line number="177" hits="63"/>
                <line number="178" hits="34"/>
                <line number="179" hits="34"/>
                <line number="180" hits="34"/>
                <line number="181" hits="34"/>
                <line number="182" hits="34"/>
                <line number="183" hits="34"/>
                <line number="186" hits="63"/>
              </lines>
            </method>
            <method name="make_composer_keywords" signature="" line-rate="0.95652173913043" branch-rate="0" complexity="7">
              <lines>
                <line number="191" hits="63"/>
                <line number="193" hits="63"/>
                <line number="195" hits="63"/>
                <line number="197" hits="63"/>
                <line number="198" hits="29"/>
                <line number="201" hits="63"/>
                <line number="202" hits="0"/>
                <line number="205" hits="63"/>
                <line number="206" hits="63"/>
                <line number="207" hits="63"/>
                <line number="208" hits="63"/>
                <line number="209" hits="63"/>
                <line number="210" hits="63"/>
                <line number="211" hits="63"/>
                <line number="214" hits="63"/>
                <line number="215" hits="63"/>
                <line number="216" hits="63"/>
                <line number="217" hits="63"/>
                <line number="218" hits="63"/>
                <line number="219" hits="63"/>
                <line number="220" hits="63"/>
                <line number="221" hits="63"/>
                <line number="224" hits="63"/>
              </lines>
            </method>
            <method name="make_composer_packagist" signature="" line-rate="1" branch-rate="0" complexity="4">
              <lines>
                <line number="229" hits="63"/>
                <line number="231" hits="63"/>
                <line number="232" hits="63"/>
                <line number="234" hits="63"/>
                <line number="235" hits="29"/>
                <line number="236" hits="29"/>
                <line number="237" hits="29"/>
                <line number="238" hits="29"/>
                <line number="239" hits="29"/>
                <line number="242" hits="63"/>
                <line number="243" hits="63"/>
                <line number="246" hits="63"/>
              </lines>
            </method>
            <method name="make_composer_license" signature="" line-rate="1" branch-rate="0" complexity="2">
              <lines>
                <line number="251" hits="63"/>
                <line number="253" hits="63"/>
                <line number="255" hits="63"/>
                <line number="257" hits="63"/>
                <line number="258" hits="36"/>
                <line number="259" hits="36"/>
                <line number="260" hits="36"/>
                <line number="261" hits="36"/>
                <line number="262" hits="36"/>
                <line number="263" hits="36"/>
                <line number="266" hits="63"/>
              </lines>
            </method>
            <method name="make_composer_homepage" signature="" line-rate="0.5" branch-rate="0" complexity="3">
              <lines>
                <line number="271" hits="63"/>
                <line number="273" hits="63"/>
                <line number="275" hits="63"/>
                <line number="277" hits="63"/>
                <line number="278" hits="63"/>
                <line number="280" hits="0"/>
                <line number="281" hits="0"/>
                <line number="282" hits="0"/>
                <line number="283" hits="0"/>
                <line number="284" hits="0"/>
                <line number="285" hits="0"/>
                <line number="288" hits="63"/>
              </lines>
            </method>
            <method name="make_composer_providers" signature="" line-rate="1" branch-rate="0" complexity="8">
              <lines>
                <line number="293" hits="63"/>
                <line number="295" hits="63"/>
                <line number="297" hits="63"/>
                <line number="299" hits="63"/>
                <line number="301" hits="63"/>
                <line number="303" hits="63"/>
                <line number="304" hits="29"/>
                <line number="306" hits="34"/>
                <line number="307" hits="34"/>
                <line number="308" hits="34"/>
                <line number="313" hits="63"/>
                <line number="314" hits="63"/>
                <line number="315" hits="63"/>
                <line number="316" hits="63"/>
                <line number="317" hits="63"/>
                <line number="318" hits="63"/>
                <line number="319" hits="63"/>
                <line number="320" hits="63"/>
                <line number="321" hits="63"/>
                <line number="324" hits="63"/>
                <line number="325" hits="63"/>
                <line number="326" hits="63"/>
                <line number="327" hits="63"/>
                <line number="328" hits="63"/>
                <line number="329" hits="63"/>
                <line number="330" hits="63"/>
                <line number="331" hits="63"/>
                <line number="334" hits="63"/>
              </lines>
            </method>
            <method name="createComposerJson" signature="" line-rate="1" branch-rate="0" complexity="1">
              <lines>
                <line number="342" hits="63"/>
                <line number="343" hits="63"/>
                <line number="345" hits="63"/>
                <line number="347" hits="63"/>
                <line number="348" hits="63"/>
                <line number="349" hits="63"/>
                <line number="350" hits="63"/>
                <line number="351" hits="63"/>
                <line number="352" hits="63"/>
                <line number="353" hits="63"/>
                <line number="354" hits="63"/>
                <line number="356" hits="63"/>
                <line number="358" hits="63"/>
                <line number="360" hits="63"/>
                <line number="361" hits="63"/>
                <line number="362" hits="63"/>
                <line number="363" hits="63"/>
                <line number="364" hits="63"/>
                <line number="366" hits="63"/>
                <line number="368" hits="63"/>
                <line number="370" hits="63"/>
              </lines>
            </method>
          </methods>
          <lines>
            <line number="30" hits="63"/>
            <line number="32" hits="63"/>
            <line number="34" hits="63"/>
            <line number="35" hits="63"/>
            <line number="37" hits="63"/>
            <line number="40" hits="63"/>
            <line number="42" hits="63"/>
            <line number="44" hits="63"/>
            <line number="46" hits="63"/>
            <line number="47" hits="63"/>
            <line number="48" hits="63"/>
            <line number="51" hits="63"/>
            <line number="53" hits="63"/>
            <line number="55" hits="63"/>
            <line number="56" hits="0"/>
            <line number="60" hits="63"/>
            <line number="61" hits="63"/>
            <line number="63" hits="63"/>
            <line number="64" hits="63"/>
            <line number="65" hits="63"/>
            <line number="66" hits="63"/>
            <line number="67" hits="63"/>
            <line number="68" hits="63"/>
            <line number="69" hits="63"/>
            <line number="70" hits="63"/>
            <line number="71" hits="63"/>
            <line number="72" hits="63"/>
            <line number="76" hits="63"/>
            <line number="77" hits="63"/>
            <line number="78" hits="63"/>
            <line number="79" hits="63"/>
            <line number="80" hits="63"/>
            <line number="81" hits="63"/>
            <line number="82" hits="63"/>
            <line number="85" hits="63"/>
            <line number="86" hits="63"/>
            <line number="87" hits="63"/>
            <line number="88" hits="63"/>
            <line number="89" hits="63"/>
            <line number="90" hits="63"/>
            <line number="91" hits="63"/>
            <line number="92" hits="63"/>
            <line number="95" hits="63"/>
            <line number="100" hits="63"/>
            <line number="102" hits="63"/>
            <line number="104" hits="63"/>
            <line number="106" hits="63"/>
            <line number="107" hits="29"/>
            <line number="108" hits="29"/>
            <line number="109" hits="29"/>
            <line number="112" hits="63"/>
            <line number="113" hits="63"/>
            <line number="115" hits="2"/>
            <line number="118" hits="63"/>
            <line number="119" hits="63"/>
            <line number="120" hits="63"/>
            <line number="121" hits="63"/>
            <line number="122" hits="63"/>
            <line number="123" hits="63"/>
            <line number="124" hits="63"/>
            <line number="125" hits="63"/>
            <line number="126" hits="63"/>
            <line number="127" hits="63"/>
            <line number="130" hits="63"/>
            <line number="132" hits="63"/>
            <line number="133" hits="63"/>
            <line number="134" hits="63"/>
            <line number="135" hits="63"/>
            <line number="136" hits="63"/>
            <line number="137" hits="63"/>
            <line number="138" hits="63"/>
            <line number="141" hits="63"/>
            <line number="146" hits="63"/>
            <line number="148" hits="63"/>
            <line number="149" hits="63"/>
            <line number="152" hits="63"/>
            <line number="154" hits="63"/>
            <line number="156" hits="63"/>
            <line number="158" hits="63"/>
            <line number="159" hits="63"/>
            <line number="161" hits="2"/>
            <line number="164" hits="63"/>
            <line number="165" hits="63"/>
            <line number="166" hits="34"/>
            <line number="167" hits="34"/>
            <line number="168" hits="34"/>
            <line number="169" hits="34"/>
            <line number="170" hits="34"/>
            <line number="171" hits="34"/>
            <line number="172" hits="34"/>
            <line number="173" hits="34"/>
            <line number="176" hits="63"/>
            <line number="177" hits="63"/>
            <line number="178" hits="34"/>
            <line number="179" hits="34"/>
            <line number="180" hits="34"/>
            <line number="181" hits="34"/>
            <line number="182" hits="34"/>
            <line number="183" hits="34"/>
            <line number="186" hits="63"/>
            <line number="191" hits="63"/>
            <line number="193" hits="63"/>
            <line number="195" hits="63"/>
            <line number="197" hits="63"/>
            <line number="198" hits="29"/>
            <line number="201" hits="63"/>
            <line number="202" hits="0"/>
            <line number="205" hits="63"/>
            <line number="206" hits="63"/>
            <line number="207" hits="63"/>
            <line number="208" hits="63"/>
            <line number="209" hits="63"/>
            <line number="210" hits="63"/>
            <line number="211" hits="63"/>
            <line number="214" hits="63"/>
            <line number="215" hits="63"/>
            <line number="216" hits="63"/>
            <line number="217" hits="63"/>
            <line number="218" hits="63"/>
            <line number="219" hits="63"/>
            <line number="220" hits="63"/>
            <line number="221" hits="63"/>
            <line number="224" hits="63"/>
            <line number="229" hits="63"/>
            <line number="231" hits="63"/>
            <line number="232" hits="63"/>
            <line number="234" hits="63"/>
            <line number="235" hits="29"/>
            <line number="236" hits="29"/>
            <line number="237" hits="29"/>
            <line number="238" hits="29"/>
            <line number="239" hits="29"/>
            <line number="242" hits="63"/>
            <line number="243" hits="63"/>
            <line number="246" hits="63"/>
            <line number="251" hits="63"/>
            <line number="253" hits="63"/>
            <line number="255" hits="63"/>
            <line number="257" hits="63"/>
            <line number="258" hits="36"/>
            <line number="259" hits="36"/>
            <line number="260" hits="36"/>
            <line number="261" hits="36"/>
            <line number="262" hits="36"/>
            <line number="263" hits="36"/>
            <line number="266" hits="63"/>
            <line number="271" hits="63"/>
            <line number="273" hits="63"/>
            <line number="275" hits="63"/>
            <line number="277" hits="63"/>
            <line number="278" hits="63"/>
            <line number="280" hits="0"/>
            <line number="281" hits="0"/>
            <line number="282" hits="0"/>
            <line number="283" hits="0"/>
            <line number="284" hits="0"/>
            <line number="285" hits="0"/>
            <line number="288" hits="63"/>
            <line number="293" hits="63"/>
            <line number="295" hits="63"/>
            <line number="297" hits="63"/>
            <line number="299" hits="63"/>
            <line number="301" hits="63"/>
            <line number="303" hits="63"/>
            <line number="304" hits="29"/>
            <line number="306" hits="34"/>
            <line number="307" hits="34"/>
            <line number="308" hits="34"/>
            <line number="313" hits="63"/>
            <line number="314" hits="63"/>
            <line number="315" hits="63"/>
            <line number="316" hits="63"/>
            <line number="317" hits="63"/>
            <line number="318" hits="63"/>
            <line number="319" hits="63"/>
            <line number="320" hits="63"/>
            <line number="321" hits="63"/>
            <line number="324" hits="63"/>
            <line number="325" hits="63"/>
            <line number="326" hits="63"/>
            <line number="327" hits="63"/>
            <line number="328" hits="63"/>
            <line number="329" hits="63"/>
            <line number="330" hits="63"/>
            <line number="331" hits="63"/>
            <line number="334" hits="63"/>
            <line number="342" hits="63"/>
            <line number="343" hits="63"/>
            <line number="345" hits="63"/>
            <line number="347" hits="63"/>
            <line number="348" hits="63"/>
            <line number="349" hits="63"/>
            <line number="350" hits="63"/>
            <line number="351" hits="63"/>
            <line number="352" hits="63"/>
            <line number="353" hits="63"/>
            <line number="354" hits="63"/>
            <line number="356" hits="63"/>
            <line number="358" hits="63"/>
            <line number="360" hits="63"/>
            <line number="361" hits="63"/>
            <line number="362" hits="63"/>
            <line number="363" hits="63"/>
            <line number="364" hits="63"/>
            <line number="366" hits="63"/>
            <line number="368" hits="63"/>
            <line number="370" hits="63"/>
          </lines>
        </class>
      </classes>
    </package>
    <package name="Building/BuildConfig.php" line-rate="0.95744680851064" branch-rate="0" complexity="7">
      <classes>
        <class name="Playground\Make\Package\Building\BuildConfig" filename="Building/BuildConfig.php" line-rate="0.95744680851064" branch-rate="0" complexity="7">
          <methods>
            <method name="createConfig" signature="array $searches" line-rate="0.95744680851064" branch-rate="0" complexity="7">
              <lines>
                <line number="23" hits="63"/>
                <line number="24" hits="63"/>
                <line number="27" hits="0"/>
                <line number="29" hits="0"/>
                <line number="32" hits="63"/>
                <line number="34" hits="63"/>
                <line number="35" hits="63"/>
                <line number="36" hits="63"/>
                <line number="37" hits="63"/>
                <line number="38" hits="63"/>
                <line number="39" hits="63"/>
                <line number="40" hits="63"/>
                <line number="41" hits="63"/>
                <line number="44" hits="63"/>
                <line number="46" hits="63"/>
                <line number="48" hits="63"/>
                <line number="50" hits="63"/>
                <line number="51" hits="63"/>
                <line number="52" hits="63"/>
                <line number="53" hits="63"/>
                <line number="54" hits="8"/>
                <line number="55" hits="55"/>
                <line number="56" hits="55"/>
                <line number="57" hits="55"/>
                <line number="58" hits="55"/>
                <line number="59" hits="24"/>
                <line number="60" hits="31"/>
                <line number="61" hits="31"/>
                <line number="62" hits="31"/>
                <line number="63" hits="31"/>
                <line number="64" hits="10"/>
                <line number="67" hits="63"/>
                <line number="69" hits="63"/>
                <line number="70" hits="63"/>
                <line number="71" hits="63"/>
                <line number="72" hits="63"/>
                <line number="74" hits="63"/>
                <line number="75" hits="63"/>
                <line number="76" hits="63"/>
                <line number="77" hits="63"/>
                <line number="78" hits="63"/>
                <line number="95" hits="63"/>
                <line number="97" hits="63"/>
                <line number="99" hits="63"/>
                <line number="101" hits="63"/>
                <line number="103" hits="63"/>
                <line number="105" hits="63"/>
              </lines>
            </method>
          </methods>
          <lines>
            <line number="23" hits="63"/>
            <line number="24" hits="63"/>
            <line number="27" hits="0"/>
            <line number="29" hits="0"/>
            <line number="32" hits="63"/>
            <line number="34" hits="63"/>
            <line number="35" hits="63"/>
            <line number="36" hits="63"/>
            <line number="37" hits="63"/>
            <line number="38" hits="63"/>
            <line number="39" hits="63"/>
            <line number="40" hits="63"/>
            <line number="41" hits="63"/>
            <line number="44" hits="63"/>
            <line number="46" hits="63"/>
            <line number="48" hits="63"/>
            <line number="50" hits="63"/>
            <line number="51" hits="63"/>
            <line number="52" hits="63"/>
            <line number="53" hits="63"/>
            <line number="54" hits="8"/>
            <line number="55" hits="55"/>
            <line number="56" hits="55"/>
            <line number="57" hits="55"/>
            <line number="58" hits="55"/>
            <line number="59" hits="24"/>
            <line number="60" hits="31"/>
            <line number="61" hits="31"/>
            <line number="62" hits="31"/>
            <line number="63" hits="31"/>
            <line number="64" hits="10"/>
            <line number="67" hits="63"/>
            <line number="69" hits="63"/>
            <line number="70" hits="63"/>
            <line number="71" hits="63"/>
            <line number="72" hits="63"/>
            <line number="74" hits="63"/>
            <line number="75" hits="63"/>
            <line number="76" hits="63"/>
            <line number="77" hits="63"/>
            <line number="78" hits="63"/>
            <line number="95" hits="63"/>
            <line number="97" hits="63"/>
            <line number="99" hits="63"/>
            <line number="101" hits="63"/>
            <line number="103" hits="63"/>
            <line number="105" hits="63"/>
          </lines>
        </class>
      </classes>
    </package>
    <package name="Building/BuildModels.php" line-rate="1" branch-rate="0" complexity="11">
      <classes>
        <class name="Playground\Make\Package\Building\BuildModels" filename="Building/BuildModels.php" line-rate="1" branch-rate="0" complexity="11">
          <methods>
            <method name="command_models" signature="" line-rate="1" branch-rate="0" complexity="7">
              <lines>
                <line number="24" hits="63"/>
                <line number="25" hits="63"/>
                <line number="26" hits="63"/>
                <line number="28" hits="63"/>
                <line number="29" hits="63"/>
                <line number="32" hits="63"/>
                <line number="33" hits="34"/>
                <line number="34" hits="34"/>
                <line number="36" hits="34"/>
                <line number="37" hits="17"/>
                <line number="40" hits="34"/>
              </lines>
            </method>
            <method name="make_published_models" signature="" line-rate="1" branch-rate="0" complexity="4">
              <lines>
                <line number="47" hits="2"/>
                <line number="49" hits="2"/>
                <line number="51" hits="2"/>
                <line number="52" hits="2"/>
                <line number="53" hits="2"/>
                <line number="54" hits="2"/>
                <line number="55" hits="2"/>
                <line number="56" hits="2"/>
                <line number="57" hits="2"/>
                <line number="58" hits="2"/>
                <line number="59" hits="2"/>
                <line number="60" hits="2"/>
                <line number="61" hits="2"/>
              </lines>
            </method>
          </methods>
          <lines>
            <line number="24" hits="63"/>
            <line number="25" hits="63"/>
            <line number="26" hits="63"/>
            <line number="28" hits="63"/>
            <line number="29" hits="63"/>
            <line number="32" hits="63"/>
            <line number="33" hits="34"/>
            <line number="34" hits="34"/>
            <line number="36" hits="34"/>
            <line number="37" hits="17"/>
            <line number="40" hits="34"/>
            <line number="47" hits="2"/>
            <line number="49" hits="2"/>
            <line number="51" hits="2"/>
            <line number="52" hits="2"/>
            <line number="53" hits="2"/>
            <line number="54" hits="2"/>
            <line number="55" hits="2"/>
            <line number="56" hits="2"/>
            <line number="57" hits="2"/>
            <line number="58" hits="2"/>
            <line number="59" hits="2"/>
            <line number="60" hits="2"/>
            <line number="61" hits="2"/>
          </lines>
        </class>
      </classes>
    </package>
    <package name="Building/BuildSkeleton.php" line-rate="1" branch-rate="0" complexity="3">
      <classes>
        <class name="Playground\Make\Package\Building\BuildSkeleton" filename="Building/BuildSkeleton.php" line-rate="1" branch-rate="0" complexity="3">
          <methods>
            <method name="createSkeleton" signature="array $searches" line-rate="1" branch-rate="0" complexity="3">
              <lines>
                <line number="21" hits="63"/>
                <line number="23" hits="63"/>
                <line number="24" hits="63"/>
                <line number="25" hits="63"/>
                <line number="26" hits="63"/>
                <line number="27" hits="63"/>
                <line number="29" hits="63"/>
                <line number="30" hits="34"/>
                <line number="31" hits="34"/>
                <line number="33" hits="29"/>
                <line number="52" hits="63"/>
                <line number="54" hits="63"/>
                <line number="55" hits="63"/>
                <line number="57" hits="63"/>
                <line number="58" hits="63"/>
                <line number="59" hits="63"/>
                <line number="60" hits="63"/>
                <line number="61" hits="63"/>
                <line number="62" hits="63"/>
                <line number="64" hits="63"/>
                <line number="66" hits="63"/>
                <line number="67" hits="63"/>
                <line number="69" hits="63"/>
              </lines>
            </method>
          </methods>
          <lines>
            <line number="21" hits="63"/>
            <line number="23" hits="63"/>
            <line number="24" hits="63"/>
            <line number="25" hits="63"/>
            <line number="26" hits="63"/>
            <line number="27" hits="63"/>
            <line number="29" hits="63"/>
            <line number="30" hits="34"/>
            <line number="31" hits="34"/>
            <line number="33" hits="29"/>
            <line number="52" hits="63"/>
            <line number="54" hits="63"/>
            <line number="55" hits="63"/>
            <line number="57" hits="63"/>
            <line number="58" hits="63"/>
            <line number="59" hits="63"/>
            <line number="60" hits="63"/>
            <line number="61" hits="63"/>
            <line number="62" hits="63"/>
            <line number="64" hits="63"/>
            <line number="66" hits="63"/>
            <line number="67" hits="63"/>
            <line number="69" hits="63"/>
          </lines>
        </class>
      </classes>
    </package>
    <package name="Building/BuildTests.php" line-rate="0" branch-rate="0" complexity="12">
      <classes>
        <class name="Playground\Make\Package\Building\BuildTests" filename="Building/BuildTests.php" line-rate="0" branch-rate="0" complexity="12">
          <methods>
            <method name="createTest" signature="" line-rate="0" branch-rate="0" complexity="4">
              <lines>
                <line number="18" hits="0"/>
                <line number="23" hits="0"/>
                <line number="24" hits="0"/>
                <line number="25" hits="0"/>
                <line number="26" hits="0"/>
                <line number="27" hits="0"/>
                <line number="28" hits="0"/>
                <line number="29" hits="0"/>
                <line number="30" hits="0"/>
                <line number="31" hits="0"/>
                <line number="32" hits="0"/>
                <line number="33" hits="0"/>
                <line number="34" hits="0"/>
                <line number="35" hits="0"/>
                <line number="36" hits="0"/>
                <line number="37" hits="0"/>
              </lines>
            </method>
            <method name="command_tests_playground_api" signature="" line-rate="0" branch-rate="0" complexity="1">
              <lines>
                <line number="43" hits="0"/>
              </lines>
            </method>
            <method name="command_tests_providers" signature="string $type" line-rate="0" branch-rate="0" complexity="3">
              <lines>
                <line number="47" hits="0"/>
                <line number="49" hits="0"/>
                <line number="50" hits="0"/>
                <line number="51" hits="0"/>
                <line number="52" hits="0"/>
                <line number="53" hits="0"/>
                <line number="54" hits="0"/>
                <line number="55" hits="0"/>
                <line number="56" hits="0"/>
                <line number="57" hits="0"/>
                <line number="58" hits="0"/>
                <line number="60" hits="0"/>
                <line number="61" hits="0"/>
                <line number="68" hits="0"/>
                <line number="70" hits="0"/>
              </lines>
            </method>
            <method name="command_tests_playground_model" signature="" line-rate="0" branch-rate="0" complexity="3">
              <lines>
                <line number="75" hits="0"/>
                <line number="77" hits="0"/>
                <line number="78" hits="0"/>
                <line number="79" hits="0"/>
                <line number="80" hits="0"/>
                <line number="81" hits="0"/>
                <line number="82" hits="0"/>
                <line number="83" hits="0"/>
                <line number="84" hits="0"/>
                <line number="85" hits="0"/>
                <line number="86" hits="0"/>
                <line number="88" hits="0"/>
                <line number="89" hits="0"/>
                <line number="96" hits="0"/>
                <line number="97" hits="0"/>
                <line number="99" hits="0"/>
                <line number="100" hits="0"/>
                <line number="102" hits="0"/>
              </lines>
            </method>
            <method name="command_tests_playground_resource" signature="" line-rate="0" branch-rate="0" complexity="1">
              <lines>
                <line number="108" hits="0"/>
              </lines>
            </method>
          </methods>
          <lines>
            <line number="18" hits="0"/>
            <line number="23" hits="0"/>
            <line number="24" hits="0"/>
            <line number="25" hits="0"/>
            <line number="26" hits="0"/>
            <line number="27" hits="0"/>
            <line number="28" hits="0"/>
            <line number="29" hits="0"/>
            <line number="30" hits="0"/>
            <line number="31" hits="0"/>
            <line number="32" hits="0"/>
            <line number="33" hits="0"/>
            <line number="34" hits="0"/>
            <line number="35" hits="0"/>
            <line number="36" hits="0"/>
            <line number="37" hits="0"/>
            <line number="43" hits="0"/>
            <line number="47" hits="0"/>
            <line number="49" hits="0"/>
            <line number="50" hits="0"/>
            <line number="51" hits="0"/>
            <line number="52" hits="0"/>
            <line number="53" hits="0"/>
            <line number="54" hits="0"/>
            <line number="55" hits="0"/>
            <line number="56" hits="0"/>
            <line number="57" hits="0"/>
            <line number="58" hits="0"/>
            <line number="60" hits="0"/>
            <line number="61" hits="0"/>
            <line number="68" hits="0"/>
            <line number="70" hits="0"/>
            <line number="75" hits="0"/>
            <line number="77" hits="0"/>
            <line number="78" hits="0"/>
            <line number="79" hits="0"/>
            <line number="80" hits="0"/>
            <line number="81" hits="0"/>
            <line number="82" hits="0"/>
            <line number="83" hits="0"/>
            <line number="84" hits="0"/>
            <line number="85" hits="0"/>
            <line number="86" hits="0"/>
            <line number="88" hits="0"/>
            <line number="89" hits="0"/>
            <line number="96" hits="0"/>
            <line number="97" hits="0"/>
            <line number="99" hits="0"/>
            <line number="100" hits="0"/>
            <line number="102" hits="0"/>
            <line number="108" hits="0"/>
          </lines>
        </class>
      </classes>
    </package>
    <package name="Building/MakeCommands.php" line-rate="0.34615384615385" branch-rate="0" complexity="16">
      <classes>
        <class name="Playground\Make\Package\Building\MakeCommands" filename="Building/MakeCommands.php" line-rate="0.34615384615385" branch-rate="0" complexity="16">
          <methods>
            <method name="handle_controllers" signature="" line-rate="1" branch-rate="0" complexity="6">
              <lines>
                <line number="23" hits="63"/>
                <line number="24" hits="63"/>
                <line number="25" hits="63"/>
                <line number="27" hits="63"/>
                <line number="28" hits="63"/>
                <line number="31" hits="63"/>
                <line number="32" hits="32"/>
                <line number="33" hits="32"/>
                <line number="34" hits="32"/>
              </lines>
            </method>
            <method name="handle_policies" signature="" line-rate="0" branch-rate="0" complexity="4">
              <lines>
                <line number="47" hits="0"/>
                <line number="48" hits="0"/>
                <line number="49" hits="0"/>
                <line number="51" hits="0"/>
                <line number="52" hits="0"/>
                <line number="55" hits="0"/>
                <line number="62" hits="0"/>
                <line number="63" hits="0"/>
              </lines>
            </method>
            <method name="handle_requests" signature="" line-rate="0" branch-rate="0" complexity="6">
              <lines>
                <line number="79" hits="0"/>
                <line number="80" hits="0"/>
                <line number="81" hits="0"/>
                <line number="83" hits="0"/>
                <line number="84" hits="0"/>
                <line number="87" hits="0"/>
                <line number="88" hits="0"/>
                <line number="89" hits="0"/>
                <line number="94" hits="0"/>
              </lines>
            </method>
          </methods>
          <lines>
            <line number="23" hits="63"/>
            <line number="24" hits="63"/>
            <line number="25" hits="63"/>
            <line number="27" hits="63"/>
            <line number="28" hits="63"/>
            <line number="31" hits="63"/>
            <line number="32" hits="32"/>
            <line number="33" hits="32"/>
            <line number="34" hits="32"/>
            <line number="47" hits="0"/>
            <line number="48" hits="0"/>
            <line number="49" hits="0"/>
            <line number="51" hits="0"/>
            <line number="52" hits="0"/>
            <line number="55" hits="0"/>
            <line number="62" hits="0"/>
            <line number="63" hits="0"/>
            <line number="79" hits="0"/>
            <line number="80" hits="0"/>
            <line number="81" hits="0"/>
            <line number="83" hits="0"/>
            <line number="84" hits="0"/>
            <line number="87" hits="0"/>
            <line number="88" hits="0"/>
            <line number="89" hits="0"/>
            <line number="94" hits="0"/>
          </lines>
        </class>
      </classes>
    </package>
    <package name="Configuration/Package.php" line-rate="0.96078431372549" branch-rate="0" complexity="115">
      <classes>
        <class name="Playground\Make\Package\Configuration\Package" filename="Configuration/Package.php" line-rate="0.96078431372549" branch-rate="0" complexity="115">
          <methods>
            <method name="setOptions" signature="array $options" line-rate="0.92" branch-rate="0" complexity="51">
              <lines>
                <line number="155" hits="2"/>
                <line number="157" hits="2"/>
                <line number="158" hits="1"/>
                <line number="161" hits="2"/>
                <line number="162" hits="1"/>
                <line number="165" hits="2"/>
                <line number="166" hits="1"/>
                <line number="169" hits="2"/>
                <line number="170" hits="1"/>
                <line number="173" hits="2"/>
                <line number="174" hits="1"/>
                <line number="177" hits="2"/>
                <line number="178" hits="0"/>
                <line number="181" hits="2"/>
                <line number="182" hits="2"/>
                <line number="184" hits="2"/>
                <line number="187" hits="2"/>
                <line number="188" hits="2"/>
                <line number="190" hits="0"/>
                <line number="199" hits="2"/>
                <line number="200" hits="2"/>
                <line number="202" hits="2"/>
                <line number="205" hits="2"/>
                <line number="206" hits="2"/>
                <line number="208" hits="2"/>
                <line number="209" hits="2"/>
                <line number="213" hits="2"/>
                <line number="214" hits="2"/>
                <line number="216" hits="2"/>
                <line number="219" hits="2"/>
                <line number="220" hits="2"/>
                <line number="222" hits="2"/>
                <line number="223" hits="2"/>
                <line number="227" hits="2"/>
                <line number="228" hits="2"/>
                <line number="230" hits="1"/>
                <line number="231" hits="1"/>
                <line number="235" hits="2"/>
                <line number="236" hits="2"/>
                <line number="238" hits="2"/>
                <line number="239" hits="2"/>
                <line number="251" hits="2"/>
                <line number="252" hits="2"/>
                <line number="254" hits="2"/>
                <line number="257" hits="2"/>
                <line number="258" hits="2"/>
                <line number="260" hits="1"/>
                <line number="261" hits="1"/>
                <line number="265" hits="2"/>
                <line number="266" hits="2"/>
                <line number="268" hits="1"/>
                <line number="269" hits="1"/>
                <line number="273" hits="2"/>
                <line number="274" hits="2"/>
                <line number="276" hits="1"/>
                <line number="277" hits="1"/>
                <line number="281" hits="2"/>
                <line number="282" hits="2"/>
                <line number="284" hits="0"/>
                <line number="285" hits="0"/>
                <line number="289" hits="2"/>
                <line number="290" hits="2"/>
                <line number="292" hits="1"/>
                <line number="293" hits="1"/>
                <line number="297" hits="2"/>
                <line number="298" hits="2"/>
                <line number="300" hits="0"/>
                <line number="301" hits="0"/>
                <line number="305" hits="2"/>
                <line number="306" hits="2"/>
                <line number="308" hits="2"/>
                <line number="311" hits="2"/>
                <line number="312" hits="2"/>
                <line number="314" hits="2"/>
                <line number="317" hits="2"/>
              </lines>
            </method>
            <method name="addKeyword" signature="mixed $keyword" line-rate="1" branch-rate="0" complexity="5">
              <lines>
                <line number="322" hits="3"/>
                <line number="323" hits="1"/>
                <line number="324" hits="1"/>
                <line number="325" hits="1"/>
                <line number="326" hits="2"/>
                <line number="327" hits="2"/>
                <line number="330" hits="3"/>
              </lines>
            </method>
            <method name="addRequire" signature="mixed $package, mixed $version" line-rate="1" branch-rate="0" complexity="17">
              <lines>
                <line number="335" hits="4"/>
                <line number="336" hits="1"/>
                <line number="337" hits="1"/>
                <line number="338" hits="1"/>
                <line number="339" hits="1"/>
                <line number="340" hits="1"/>
                <line number="341" hits="1"/>
                <line number="342" hits="1"/>
                <line number="343" hits="1"/>
                <line number="344" hits="1"/>
                <line number="347" hits="4"/>
                <line number="348" hits="1"/>
                <line number="349" hits="1"/>
                <line number="350" hits="1"/>
                <line number="351" hits="1"/>
                <line number="352" hits="1"/>
                <line number="353" hits="1"/>
                <line number="354" hits="1"/>
                <line number="355" hits="1"/>
                <line number="356" hits="1"/>
                <line number="359" hits="4"/>
                <line number="360" hits="2"/>
                <line number="363" hits="4"/>
              </lines>
            </method>
            <method name="addRequireDev" signature="mixed $package, mixed $version" line-rate="1" branch-rate="0" complexity="17">
              <lines>
                <line number="368" hits="3"/>
                <line number="369" hits="1"/>
                <line number="370" hits="1"/>
                <line number="371" hits="1"/>
                <line number="372" hits="1"/>
                <line number="373" hits="1"/>
                <line number="374" hits="1"/>
                <line number="375" hits="1"/>
                <line number="376" hits="1"/>
                <line number="377" hits="1"/>
                <line number="380" hits="3"/>
                <line number="381" hits="1"/>
                <line number="382" hits="1"/>
                <line number="383" hits="1"/>
                <line number="384" hits="1"/>
                <line number="385" hits="1"/>
                <line number="386" hits="1"/>
                <line number="387" hits="1"/>
                <line number="388" hits="1"/>
                <line number="389" hits="1"/>
                <line number="392" hits="3"/>
                <line number="393" hits="1"/>
                <line number="396" hits="3"/>
              </lines>
            </method>
            <method name="withControllers" signature="" line-rate="1" branch-rate="0" complexity="1">
              <lines>
                <line number="401" hits="3"/>
              </lines>
            </method>
            <method name="withFactories" signature="" line-rate="1" branch-rate="0" complexity="1">
              <lines>
                <line number="406" hits="3"/>
              </lines>
            </method>
            <method name="withMigrations" signature="" line-rate="1" branch-rate="0" complexity="1">
              <lines>
                <line number="411" hits="3"/>
              </lines>
            </method>
            <method name="withModels" signature="" line-rate="1" branch-rate="0" complexity="1">
              <lines>
                <line number="416" hits="3"/>
              </lines>
            </method>
            <method name="withPolicies" signature="" line-rate="1" branch-rate="0" complexity="1">
              <lines>
                <line number="421" hits="3"/>
              </lines>
            </method>
            <method name="withTests" signature="" line-rate="1" branch-rate="0" complexity="1">
              <lines>
                <line number="426" hits="3"/>
              </lines>
            </method>
            <method name="config_space" signature="" line-rate="1" branch-rate="0" complexity="1">
              <lines>
                <line number="431" hits="3"/>
              </lines>
            </method>
            <method name="package_name" signature="" line-rate="1" branch-rate="0" complexity="1">
              <lines>
                <line number="436" hits="3"/>
              </lines>
            </method>
            <method name="package_description" signature="" line-rate="1" branch-rate="0" complexity="1">
              <lines>
                <line number="446" hits="3"/>
              </lines>
            </method>
            <method name="package_homepage" signature="" line-rate="1" branch-rate="0" complexity="1">
              <lines>
                <line number="451" hits="3"/>
              </lines>
            </method>
            <method name="package_keywords" signature="" line-rate="1" branch-rate="0" complexity="1">
              <lines>
                <line number="459" hits="3"/>
              </lines>
            </method>
            <method name="package_license" signature="" line-rate="1" branch-rate="0" complexity="1">
              <lines>
                <line number="464" hits="3"/>
              </lines>
            </method>
            <method name="package_require" signature="" line-rate="1" branch-rate="0" complexity="1">
              <lines>
                <line number="472" hits="3"/>
              </lines>
            </method>
            <method name="package_require_dev" signature="" line-rate="1" branch-rate="0" complexity="1">
              <lines>
                <line number="480" hits="3"/>
              </lines>
            </method>
            <method name="package_autoload_psr4" signature="" line-rate="1" branch-rate="0" complexity="1">
              <lines>
                <line number="488" hits="3"/>
              </lines>
            </method>
            <method name="package_laravel_providers" signature="" line-rate="1" branch-rate="0" complexity="1">
              <lines>
                <line number="496" hits="3"/>
              </lines>
            </method>
            <method name="packagist" signature="" line-rate="1" branch-rate="0" complexity="1">
              <lines>
                <line number="501" hits="3"/>
              </lines>
            </method>
            <method name="controllers" signature="" line-rate="1" branch-rate="0" complexity="1">
              <lines>
                <line number="509" hits="3"/>
              </lines>
            </method>
            <method name="models" signature="" line-rate="1" branch-rate="0" complexity="1">
              <lines>
                <line number="517" hits="3"/>
              </lines>
            </method>
            <method name="policies" signature="" line-rate="1" branch-rate="0" complexity="1">
              <lines>
                <line number="525" hits="3"/>
              </lines>
            </method>
            <method name="requests" signature="" line-rate="1" branch-rate="0" complexity="1">
              <lines>
                <line number="533" hits="3"/>
              </lines>
            </method>
            <method name="routes" signature="" line-rate="1" branch-rate="0" complexity="1">
              <lines>
                <line number="541" hits="3"/>
              </lines>
            </method>
            <method name="transformers" signature="" line-rate="1" branch-rate="0" complexity="1">
              <lines>
                <line number="549" hits="3"/>
              </lines>
            </method>
            <method name="service_provider" signature="" line-rate="1" branch-rate="0" complexity="1">
              <lines>
                <line number="554" hits="3"/>
              </lines>
            </method>
            <method name="version" signature="" line-rate="1" branch-rate="0" complexity="1">
              <lines>
                <line number="559" hits="3"/>
              </lines>
            </method>
          </methods>
          <lines>
            <line number="155" hits="2"/>
            <line number="157" hits="2"/>
            <line number="158" hits="1"/>
            <line number="161" hits="2"/>
            <line number="162" hits="1"/>
            <line number="165" hits="2"/>
            <line number="166" hits="1"/>
            <line number="169" hits="2"/>
            <line number="170" hits="1"/>
            <line number="173" hits="2"/>
            <line number="174" hits="1"/>
            <line number="177" hits="2"/>
            <line number="178" hits="0"/>
            <line number="181" hits="2"/>
            <line number="182" hits="2"/>
            <line number="184" hits="2"/>
            <line number="187" hits="2"/>
            <line number="188" hits="2"/>
            <line number="190" hits="0"/>
            <line number="199" hits="2"/>
            <line number="200" hits="2"/>
            <line number="202" hits="2"/>
            <line number="205" hits="2"/>
            <line number="206" hits="2"/>
            <line number="208" hits="2"/>
            <line number="209" hits="2"/>
            <line number="213" hits="2"/>
            <line number="214" hits="2"/>
            <line number="216" hits="2"/>
            <line number="219" hits="2"/>
            <line number="220" hits="2"/>
            <line number="222" hits="2"/>
            <line number="223" hits="2"/>
            <line number="227" hits="2"/>
            <line number="228" hits="2"/>
            <line number="230" hits="1"/>
            <line number="231" hits="1"/>
            <line number="235" hits="2"/>
            <line number="236" hits="2"/>
            <line number="238" hits="2"/>
            <line number="239" hits="2"/>
            <line number="251" hits="2"/>
            <line number="252" hits="2"/>
            <line number="254" hits="2"/>
            <line number="257" hits="2"/>
            <line number="258" hits="2"/>
            <line number="260" hits="1"/>
            <line number="261" hits="1"/>
            <line number="265" hits="2"/>
            <line number="266" hits="2"/>
            <line number="268" hits="1"/>
            <line number="269" hits="1"/>
            <line number="273" hits="2"/>
            <line number="274" hits="2"/>
            <line number="276" hits="1"/>
            <line number="277" hits="1"/>
            <line number="281" hits="2"/>
            <line number="282" hits="2"/>
            <line number="284" hits="0"/>
            <line number="285" hits="0"/>
            <line number="289" hits="2"/>
            <line number="290" hits="2"/>
            <line number="292" hits="1"/>
            <line number="293" hits="1"/>
            <line number="297" hits="2"/>
            <line number="298" hits="2"/>
            <line number="300" hits="0"/>
            <line number="301" hits="0"/>
            <line number="305" hits="2"/>
            <line number="306" hits="2"/>
            <line number="308" hits="2"/>
            <line number="311" hits="2"/>
            <line number="312" hits="2"/>
            <line number="314" hits="2"/>
            <line number="317" hits="2"/>
            <line number="322" hits="3"/>
            <line number="323" hits="1"/>
            <line number="324" hits="1"/>
            <line number="325" hits="1"/>
            <line number="326" hits="2"/>
            <line number="327" hits="2"/>
            <line number="330" hits="3"/>
            <line number="335" hits="4"/>
            <line number="336" hits="1"/>
            <line number="337" hits="1"/>
            <line number="338" hits="1"/>
            <line number="339" hits="1"/>
            <line number="340" hits="1"/>
            <line number="341" hits="1"/>
            <line number="342" hits="1"/>
            <line number="343" hits="1"/>
            <line number="344" hits="1"/>
            <line number="347" hits="4"/>
            <line number="348" hits="1"/>
            <line number="349" hits="1"/>
            <line number="350" hits="1"/>
            <line number="351" hits="1"/>
            <line number="352" hits="1"/>
            <line number="353" hits="1"/>
            <line number="354" hits="1"/>
            <line number="355" hits="1"/>
            <line number="356" hits="1"/>
            <line number="359" hits="4"/>
            <line number="360" hits="2"/>
            <line number="363" hits="4"/>
            <line number="368" hits="3"/>
            <line number="369" hits="1"/>
            <line number="370" hits="1"/>
            <line number="371" hits="1"/>
            <line number="372" hits="1"/>
            <line number="373" hits="1"/>
            <line number="374" hits="1"/>
            <line number="375" hits="1"/>
            <line number="376" hits="1"/>
            <line number="377" hits="1"/>
            <line number="380" hits="3"/>
            <line number="381" hits="1"/>
            <line number="382" hits="1"/>
            <line number="383" hits="1"/>
            <line number="384" hits="1"/>
            <line number="385" hits="1"/>
            <line number="386" hits="1"/>
            <line number="387" hits="1"/>
            <line number="388" hits="1"/>
            <line number="389" hits="1"/>
            <line number="392" hits="3"/>
            <line number="393" hits="1"/>
            <line number="396" hits="3"/>
            <line number="401" hits="3"/>
            <line number="406" hits="3"/>
            <line number="411" hits="3"/>
            <line number="416" hits="3"/>
            <line number="421" hits="3"/>
            <line number="426" hits="3"/>
            <line number="431" hits="3"/>
            <line number="436" hits="3"/>
            <line number="446" hits="3"/>
            <line number="451" hits="3"/>
            <line number="459" hits="3"/>
            <line number="464" hits="3"/>
            <line number="472" hits="3"/>
            <line number="480" hits="3"/>
            <line number="488" hits="3"/>
            <line number="496" hits="3"/>
            <line number="501" hits="3"/>
            <line number="509" hits="3"/>
            <line number="517" hits="3"/>
            <line number="525" hits="3"/>
            <line number="533" hits="3"/>
            <line number="541" hits="3"/>
            <line number="549" hits="3"/>
            <line number="554" hits="3"/>
            <line number="559" hits="3"/>
          </lines>
        </class>
      </classes>
    </package>
    <package name="Console/Commands/PackageMakeCommand.php" line-rate="0.91954022988506" branch-rate="0" complexity="31">
      <classes>
        <class name="Playground\Make\Package\Console\Commands\PackageMakeCommand" filename="Console/Commands/PackageMakeCommand.php" line-rate="0.91954022988506" branch-rate="0" complexity="31">
          <methods>
            <method name="getOptions" signature="" line-rate="1" branch-rate="0" complexity="1">
              <lines>
                <line number="122" hits="65"/>
                <line number="124" hits="65"/>
                <line number="125" hits="65"/>
                <line number="126" hits="65"/>
                <line number="127" hits="65"/>
                <line number="128" hits="65"/>
                <line number="129" hits="65"/>
                <line number="130" hits="65"/>
                <line number="131" hits="65"/>
                <line number="133" hits="65"/>
              </lines>
            </method>
            <method name="prepareOptions" signature="" line-rate="0.84615384615385" branch-rate="0" complexity="20">
              <lines>
                <line number="146" hits="64"/>
                <line number="147" hits="64"/>
                <line number="148" hits="64"/>
                <line number="150" hits="4"/>
                <line number="151" hits="4"/>
                <line number="152" hits="4"/>
                <line number="153" hits="4"/>
                <line number="156" hits="64"/>
                <line number="157" hits="4"/>
                <line number="158" hits="4"/>
                <line number="159" hits="4"/>
                <line number="162" hits="64"/>
                <line number="163" hits="4"/>
                <line number="164" hits="4"/>
                <line number="165" hits="4"/>
                <line number="168" hits="64"/>
                <line number="169" hits="4"/>
                <line number="170" hits="4"/>
                <line number="171" hits="4"/>
                <line number="174" hits="64"/>
                <line number="175" hits="4"/>
                <line number="176" hits="4"/>
                <line number="177" hits="4"/>
                <line number="180" hits="64"/>
                <line number="181" hits="8"/>
                <line number="182" hits="8"/>
                <line number="183" hits="8"/>
                <line number="186" hits="64"/>
                <line number="187" hits="0"/>
                <line number="188" hits="0"/>
                <line number="189" hits="0"/>
                <line number="192" hits="64"/>
                <line number="193" hits="0"/>
                <line number="194" hits="0"/>
                <line number="195" hits="0"/>
                <line number="198" hits="64"/>
                <line number="199" hits="64"/>
                <line number="200" hits="64"/>
                <line number="201" hits="2"/>
              </lines>
            </method>
            <method name="finish" signature="" line-rate="0.88888888888889" branch-rate="0" complexity="2">
              <lines>
                <line number="207" hits="63"/>
                <line number="208" hits="63"/>
                <line number="209" hits="63"/>
                <line number="211" hits="63"/>
                <line number="214" hits="63"/>
                <line number="216" hits="63"/>
                <line number="217" hits="0"/>
                <line number="220" hits="63"/>
                <line number="222" hits="63"/>
              </lines>
            </method>
            <method name="getConfigurationFilename" signature="" line-rate="1" branch-rate="0" complexity="1">
              <lines>
                <line number="227" hits="63"/>
                <line number="228" hits="63"/>
                <line number="229" hits="63"/>
                <line number="230" hits="63"/>
                <line number="231" hits="63"/>
              </lines>
            </method>
            <method name="getStub" signature="" line-rate="1" branch-rate="0" complexity="7">
              <lines>
                <line number="239" hits="63"/>
                <line number="241" hits="63"/>
                <line number="247" hits="63"/>
                <line number="248" hits="63"/>
                <line number="249" hits="63"/>
                <line number="250" hits="4"/>
                <line number="251" hits="59"/>
                <line number="252" hits="59"/>
                <line number="253" hits="59"/>
                <line number="254" hits="8"/>
                <line number="255" hits="51"/>
                <line number="256" hits="51"/>
                <line number="257" hits="51"/>
                <line number="258" hits="20"/>
                <line number="259" hits="31"/>
                <line number="260" hits="31"/>
                <line number="261" hits="31"/>
                <line number="262" hits="6"/>
                <line number="263" hits="25"/>
                <line number="264" hits="25"/>
                <line number="265" hits="25"/>
                <line number="266" hits="25"/>
                <line number="267" hits="8"/>
                <line number="270" hits="63"/>
              </lines>
            </method>
          </methods>
          <lines>
            <line number="122" hits="65"/>
            <line number="124" hits="65"/>
            <line number="125" hits="65"/>
            <line number="126" hits="65"/>
            <line number="127" hits="65"/>
            <line number="128" hits="65"/>
            <line number="129" hits="65"/>
            <line number="130" hits="65"/>
            <line number="131" hits="65"/>
            <line number="133" hits="65"/>
            <line number="146" hits="64"/>
            <line number="147" hits="64"/>
            <line number="148" hits="64"/>
            <line number="150" hits="4"/>
            <line number="151" hits="4"/>
            <line number="152" hits="4"/>
            <line number="153" hits="4"/>
            <line number="156" hits="64"/>
            <line number="157" hits="4"/>
            <line number="158" hits="4"/>
            <line number="159" hits="4"/>
            <line number="162" hits="64"/>
            <line number="163" hits="4"/>
            <line number="164" hits="4"/>
            <line number="165" hits="4"/>
            <line number="168" hits="64"/>
            <line number="169" hits="4"/>
            <line number="170" hits="4"/>
            <line number="171" hits="4"/>
            <line number="174" hits="64"/>
            <line number="175" hits="4"/>
            <line number="176" hits="4"/>
            <line number="177" hits="4"/>
            <line number="180" hits="64"/>
            <line number="181" hits="8"/>
            <line number="182" hits="8"/>
            <line number="183" hits="8"/>
            <line number="186" hits="64"/>
            <line number="187" hits="0"/>
            <line number="188" hits="0"/>
            <line number="189" hits="0"/>
            <line number="192" hits="64"/>
            <line number="193" hits="0"/>
            <line number="194" hits="0"/>
            <line number="195" hits="0"/>
            <line number="198" hits="64"/>
            <line number="199" hits="64"/>
            <line number="200" hits="64"/>
            <line number="201" hits="2"/>
            <line number="207" hits="63"/>
            <line number="208" hits="63"/>
            <line number="209" hits="63"/>
            <line number="211" hits="63"/>
            <line number="214" hits="63"/>
            <line number="216" hits="63"/>
            <line number="217" hits="0"/>
            <line number="220" hits="63"/>
            <line number="222" hits="63"/>
            <line number="227" hits="63"/>
            <line number="228" hits="63"/>
            <line number="229" hits="63"/>
            <line number="230" hits="63"/>
            <line number="231" hits="63"/>
            <line number="239" hits="63"/>
            <line number="241" hits="63"/>
            <line number="247" hits="63"/>
            <line number="248" hits="63"/>
            <line number="249" hits="63"/>
            <line number="250" hits="4"/>
            <line number="251" hits="59"/>
            <line number="252" hits="59"/>
            <line number="253" hits="59"/>
            <line number="254" hits="8"/>
            <line number="255" hits="51"/>
            <line number="256" hits="51"/>
            <line number="257" hits="51"/>
            <line number="258" hits="20"/>
            <line number="259" hits="31"/>
            <line number="260" hits="31"/>
            <line number="261" hits="31"/>
            <line number="262" hits="6"/>
            <line number="263" hits="25"/>
            <line number="264" hits="25"/>
            <line number="265" hits="25"/>
            <line number="266" hits="25"/>
            <line number="267" hits="8"/>
            <line number="270" hits="63"/>
          </lines>
        </class>
      </classes>
    </package>
    <package name="ServiceProvider.php" line-rate="1" branch-rate="0" complexity="16">
      <classes>
        <class name="Playground\Make\Package\ServiceProvider" filename="ServiceProvider.php" line-rate="1" branch-rate="0" complexity="16">
          <methods>
            <method name="boot" signature="" line-rate="1" branch-rate="0" complexity="7">
              <lines>
                <line number="33" hits="1"/>
                <line number="35" hits="1"/>
                <line number="37" hits="1"/>
                <line number="38" hits="1"/>
                <line number="41" hits="1"/>
                <line number="42" hits="1"/>
                <line number="43" hits="1"/>
                <line number="44" hits="1"/>
                <line number="45" hits="1"/>
                <line number="48" hits="1"/>
                <line number="50" hits="1"/>
                <line number="51" hits="1"/>
                <line number="52" hits="1"/>
                <line number="56" hits="1"/>
                <line number="57" hits="1"/>
              </lines>
            </method>
            <method name="boot_commands" signature="" line-rate="1" branch-rate="0" complexity="1">
              <lines>
                <line number="66" hits="1"/>
                <line number="68" hits="1"/>
                <line number="70" hits="1"/>
                <line number="72" hits="1"/>
              </lines>
            </method>
            <method name="register" signature="" line-rate="1" branch-rate="0" complexity="1">
              <lines>
                <line number="80" hits="1"/>
                <line number="81" hits="1"/>
                <line number="82" hits="1"/>
                <line number="83" hits="1"/>
              </lines>
            </method>
            <method name="about" signature="" line-rate="1" branch-rate="0" complexity="6">
              <lines>
                <line number="88" hits="1"/>
                <line number="89" hits="1"/>
                <line number="91" hits="1"/>
                <line number="93" hits="1"/>
                <line number="95" hits="1"/>
                <line number="96" hits="1"/>
                <line number="97" hits="1"/>
                <line number="98" hits="1"/>
                <line number="99" hits="1"/>
                <line number="100" hits="1"/>
              </lines>
            </method>
            <method name="version" signature="" line-rate="1" branch-rate="0" complexity="1">
              <lines>
                <line number="105" hits="1"/>
              </lines>
            </method>
          </methods>
          <lines>
            <line number="33" hits="1"/>
            <line number="35" hits="1"/>
            <line number="37" hits="1"/>
            <line number="38" hits="1"/>
            <line number="41" hits="1"/>
            <line number="42" hits="1"/>
            <line number="43" hits="1"/>
            <line number="44" hits="1"/>
            <line number="45" hits="1"/>
            <line number="48" hits="1"/>
            <line number="50" hits="1"/>
            <line number="51" hits="1"/>
            <line number="52" hits="1"/>
            <line number="56" hits="1"/>
            <line number="57" hits="1"/>
            <line number="66" hits="1"/>
            <line number="68" hits="1"/>
            <line number="70" hits="1"/>
            <line number="72" hits="1"/>
            <line number="80" hits="1"/>
            <line number="81" hits="1"/>
            <line number="82" hits="1"/>
            <line number="83" hits="1"/>
            <line number="88" hits="1"/>
            <line number="89" hits="1"/>
            <line number="91" hits="1"/>
            <line number="93" hits="1"/>
            <line number="95" hits="1"/>
            <line number="96" hits="1"/>
            <line number="97" hits="1"/>
            <line number="98" hits="1"/>
            <line number="99" hits="1"/>
            <line number="100" hits="1"/>
            <line number="105" hits="1"/>
          </lines>
        </class>
      </classes>
    </package>
  </packages>
</coverage>
